<?xml version="1.0" encoding="UTF-8"?>
<!-- Generated by org.testng.reporters.JUnitXMLReporter -->
<testsuite hostname="Eshas-MacBook-Pro.local" ignored="0" name="test1" tests="3" failures="0" timestamp="20 Mar 2017 12:35:20 GMT" time="5.047" errors="0">
  <testcase name="OpenTestng" time="1.101" classname="testWebDriver.MyName"/>
  <testcase name="google" time="3.789" classname="testWebDriver.MyName"/>
  <testcase name="automatename" time="0.139" classname="testWebDriver.MyName"/>
</testsuite> <!-- test1 -->
