<?xml version="1.0" encoding="UTF-8"?>
<!-- Generated by org.testng.reporters.JUnitXMLReporter -->
<testsuite hostname="Eshas-MacBook-Pro.local" ignored="0" name="Default test" tests="3" failures="0" timestamp="20 Mar 2017 12:45:22 GMT" time="5.838" errors="0">
  <testcase name="OpenTestng" time="1.135" classname="testWebDriver.MyName"/>
  <testcase name="google" time="4.468" classname="testWebDriver.MyName"/>
  <testcase name="automatename" time="0.215" classname="testWebDriver.MyName"/>
</testsuite> <!-- Default test -->
