<?xml version="1.0" encoding="UTF-8"?>
<testng-results skipped="0" failed="0" ignored="0" total="1" passed="1">
  <reporter-output>
  </reporter-output>
  <suite name="Default suite" duration-ms="7114" started-at="2017-03-23T05:27:39Z" finished-at="2017-03-23T05:27:46Z">
    <groups>
    </groups>
    <test name="Default test" duration-ms="7114" started-at="2017-03-23T05:27:39Z" finished-at="2017-03-23T05:27:46Z">
      <class name="com.mavenproject.GoogleNameSearch.MyName">
        <test-method status="PASS" signature="testCase()[pri:0, instance:com.mavenproject.GoogleNameSearch.MyName@475530b9]" name="testCase" duration-ms="7096" started-at="2017-03-23T10:57:39Z" finished-at="2017-03-23T10:57:46Z">
          <reporter-output>
          </reporter-output>
        </test-method> <!-- testCase -->
      </class> <!-- com.mavenproject.GoogleNameSearch.MyName -->
    </test> <!-- Default test -->
  </suite> <!-- Default suite -->
</testng-results>
